2021-03-04 22:20:03,828 [INFO ] [main] com.cheny.springboot.Application [StartupInfoLogger.java : 55] Starting Application using Java 1.8.0_271 on DESKTOP-M4RRCCM with PID 12760 (E:\java\web\001-crm\target\classes started by cy in E:\java\web\001-crm)
2021-03-04 22:20:03,830 [INFO ] [main] com.cheny.springboot.Application [SpringApplication.java : 660] No active profile set, falling back to default profiles: default
2021-03-04 22:20:04,432 [INFO ] [main] o.s.data.repository.config.RepositoryConfigurationDelegate [RepositoryConfigurationDelegate.java : 250] Multiple Spring Data modules found, entering strict repository configuration mode!
2021-03-04 22:20:04,433 [INFO ] [main] o.s.data.repository.config.RepositoryConfigurationDelegate [RepositoryConfigurationDelegate.java : 128] Bootstrapping Spring Data Redis repositories in DEFAULT mode.
2021-03-04 22:20:04,462 [INFO ] [main] o.s.data.repository.config.RepositoryConfigurationDelegate [RepositoryConfigurationDelegate.java : 188] Finished Spring Data repository scanning in 5 ms. Found 0 Redis repository interfaces.
2021-03-04 22:20:04,826 [INFO ] [main] org.springframework.boot.web.embedded.tomcat.TomcatWebServer [TomcatWebServer.java : 108] Tomcat initialized with port(s): 8855 (http)
2021-03-04 22:20:04,831 [INFO ] [main] org.apache.coyote.http11.Http11NioProtocol [DirectJDKLog.java : 173] Initializing ProtocolHandler ["http-nio-8855"]
2021-03-04 22:20:04,832 [INFO ] [main] org.apache.catalina.core.StandardService [DirectJDKLog.java : 173] Starting service [Tomcat]
2021-03-04 22:20:04,832 [INFO ] [main] org.apache.catalina.core.StandardEngine [DirectJDKLog.java : 173] Starting Servlet engine: [Apache Tomcat/9.0.43]
2021-03-04 22:20:04,833 [INFO ] [main] org.apache.catalina.core.AprLifecycleListener [DirectJDKLog.java : 173] Loaded Apache Tomcat Native library [1.2.25] using APR version [1.7.0].
2021-03-04 22:20:04,833 [INFO ] [main] org.apache.catalina.core.AprLifecycleListener [DirectJDKLog.java : 173] APR capabilities: IPv6 [true], sendfile [true], accept filters [false], random [true].
2021-03-04 22:20:04,833 [INFO ] [main] org.apache.catalina.core.AprLifecycleListener [DirectJDKLog.java : 173] APR/OpenSSL configuration: useAprConnector [false], useOpenSSL [true]
2021-03-04 22:20:04,857 [INFO ] [main] org.apache.catalina.core.AprLifecycleListener [DirectJDKLog.java : 173] OpenSSL successfully initialized [OpenSSL 1.1.1g  21 Apr 2020]
2021-03-04 22:20:05,031 [INFO ] [main] org.apache.jasper.servlet.TldScanner [DirectJDKLog.java : 173] At least one JAR was scanned for TLDs yet contained no TLDs. Enable debug logging for this logger for a complete list of JARs that were scanned but no TLDs were found in them. Skipping unneeded JARs during scanning can improve startup time and JSP compilation time.
2021-03-04 22:20:05,033 [INFO ] [main] o.a.catalina.core.ContainerBase.[Tomcat].[localhost].[/] [DirectJDKLog.java : 173] Initializing Spring embedded WebApplicationContext
2021-03-04 22:20:05,033 [INFO ] [main] o.s.b.web.servlet.context.ServletWebServerApplicationContext [ServletWebServerApplicationContext.java : 289] Root WebApplicationContext: initialization completed in 1142 ms
2021-03-04 22:20:05,314 [INFO ] [main] o.s.scheduling.concurrent.ThreadPoolTaskExecutor [ExecutorConfigurationSupport.java : 181] Initializing ExecutorService 'applicationTaskExecutor'
2021-03-04 22:20:05,581 [INFO ] [main] org.apache.coyote.http11.Http11NioProtocol [DirectJDKLog.java : 173] Starting ProtocolHandler ["http-nio-8855"]
2021-03-04 22:20:05,596 [INFO ] [main] org.springframework.boot.web.embedded.tomcat.TomcatWebServer [TomcatWebServer.java : 220] Tomcat started on port(s): 8855 (http) with context path ''
2021-03-04 22:20:05,603 [INFO ] [main] com.cheny.springboot.Application [StartupInfoLogger.java : 61] Started Application in 2.291 seconds (JVM running for 2.773)
2021-03-04 22:22:22,940 [INFO ] [http-nio-8855-exec-1] o.a.catalina.core.ContainerBase.[Tomcat].[localhost].[/] [DirectJDKLog.java : 173] Initializing Spring DispatcherServlet 'dispatcherServlet'
2021-03-04 22:22:22,940 [INFO ] [http-nio-8855-exec-1] org.springframework.web.servlet.DispatcherServlet [FrameworkServlet.java : 525] Initializing Servlet 'dispatcherServlet'
2021-03-04 22:22:22,941 [INFO ] [http-nio-8855-exec-1] org.springframework.web.servlet.DispatcherServlet [FrameworkServlet.java : 547] Completed initialization in 1 ms
2021-03-04 22:22:22,966 [INFO ] [http-nio-8855-exec-1] com.zaxxer.hikari.HikariDataSource [HikariDataSource.java : 110] HikariPool-1 - Starting...
2021-03-04 22:22:23,094 [INFO ] [http-nio-8855-exec-1] com.zaxxer.hikari.HikariDataSource [HikariDataSource.java : 123] HikariPool-1 - Start completed.
